​02/Oct/2021 18:57:26,103​- root​: root logger started.....
​02/Oct/2021 18:58:44,950​- root​: Text '12' could not be parsed at index 2
​02/Oct/2021 18:59:54,102​- root​: Employee Details entered
​02/Oct/2021 18:59:54,327​- root​: Employee Added Successfully
​02/Oct/2021 20:03:39,945​- root​: root logger started.....
​02/Oct/2021 20:05:25,361​- root​: root logger started.....
​02/Oct/2021 20:05:59,245​- root​: Entered name =>amit
​02/Oct/2021 20:05:59,455​- root​: Employee details
​02/Oct/2021 20:07:08,872​- root​: Text '12-76-1987' could not be parsed: Invalid value for MonthOfYear (valid values 1 - 12): 76
​02/Oct/2021 20:08:21,542​- root​: Employee Details entered
​02/Oct/2021 20:08:21,564​- root​: Employee Added Successfully
​02/Oct/2021 20:11:11,825​- root​: Entered name =>vishal
​02/Oct/2021 20:11:11,827​- root​: Employee details
​03/Oct/2021 10:18:16,020​- root​: root logger started.....
​03/Oct/2021 10:18:49,943​- root​: Entered id => 102
​03/Oct/2021 10:18:49,943​- root​: Employee details found
​03/Oct/2021 10:27:40,372​- root​: root logger started.....
​03/Oct/2021 10:28:00,451​- root​: Entered id => 102
​03/Oct/2021 10:30:43,534​- root​: root logger started.....
​03/Oct/2021 10:30:54,911​- root​: Entered id => 101
​03/Oct/2021 10:30:55,146​- root​: Employee details found
​03/Oct/2021 11:02:38,118​- root​: root logger started.....
​03/Oct/2021 11:03:04,042​- root​: Entered name =>vishal
​03/Oct/2021 11:03:04,256​- root​: Employee details
​03/Oct/2021 11:14:15,790​- root​: root logger started.....
​03/Oct/2021 11:14:48,080​- root​: Birthdate date entered 1997-09-30
​03/Oct/2021 11:14:48,295​- root​: Employee info printed 
​03/Oct/2021 11:15:56,315​- root​: Employee Details entered
​03/Oct/2021 11:15:56,341​- root​: Employee Added Successfully
​03/Oct/2021 11:16:21,419​- root​: Birthdate date entered 1999-03-26
​03/Oct/2021 11:16:21,424​- root​: Employee info printed 
​03/Oct/2021 11:16:45,539​- root​: Birthdate date entered 1997-09-30
​03/Oct/2021 11:16:45,541​- root​: Employee info printed 
​03/Oct/2021 11:17:37,628​- root​: root logger started.....
​03/Oct/2021 11:19:04,840​- root​: root logger started.....
​03/Oct/2021 11:19:27,110​- root​: root logger started.....
​03/Oct/2021 11:19:53,128​- root​: weddingdate date entered 1997-09-30
​03/Oct/2021 11:19:53,359​- root​: Employee details printed
​03/Oct/2021 11:20:53,074​- root​: root logger started.....
​03/Oct/2021 11:21:24,668​- root​: Entered id => 101
​03/Oct/2021 11:21:24,873​- root​: Employee details found
​03/Oct/2021 11:32:43,952​- root​: root logger started.....
​03/Oct/2021 11:32:56,621​- root​: Employee info printed
​03/Oct/2021 11:33:03,853​- root​: Status exit..
​03/Oct/2021 11:33:54,060​- root​: root logger started.....
​03/Oct/2021 11:34:06,141​- root​: Entered name =>amit
​03/Oct/2021 11:34:06,349​- root​: Employee details
​03/Oct/2021 11:34:19,009​- root​: Employee info printed
​03/Oct/2021 11:34:49,983​- root​: Entered id => 101
​03/Oct/2021 11:34:49,994​- root​: Employee details found
​03/Oct/2021 11:35:11,804​- root​: Text '5' could not be parsed at index 1
​03/Oct/2021 11:35:27,826​- root​: Birthdate date entered 1999-03-17
​03/Oct/2021 11:35:27,833​- root​: Employee info printed 
​03/Oct/2021 11:36:11,049​- root​: weddingdate date entered 1999-03-26
​03/Oct/2021 11:36:11,054​- root​: Employee details printed
​03/Oct/2021 11:36:19,723​- root​: Employee info printed
​03/Oct/2021 11:36:25,773​- root​: Status exit..
​03/Oct/2021 18:55:55,283​- root​: root logger started.....
​03/Oct/2021 18:56:14,954​- root​: id is 102
​03/Oct/2021 18:56:45,576​- root​: Successful! Employee details Edited
​03/Oct/2021 18:56:54,619​- root​: Entered id => 102
​03/Oct/2021 18:56:54,621​- root​: Employee details found
​03/Oct/2021 19:02:07,481​- root​: root logger started.....
​03/Oct/2021 19:03:25,953​- root​: Employee Details entered
​03/Oct/2021 19:03:26,124​- root​: Employee Added Successfully
​03/Oct/2021 19:03:45,833​- root​: Entered name =>vishal
​03/Oct/2021 19:03:45,900​- root​: Employee details
​03/Oct/2021 19:06:08,899​- root​: root logger started.....
​03/Oct/2021 19:06:19,943​- root​: Entered name =>amit
​03/Oct/2021 19:06:20,140​- root​: Employee details
​03/Oct/2021 19:07:33,722​- root​: Entered id => 101
​03/Oct/2021 19:07:33,733​- root​: Employee details found
​03/Oct/2021 19:08:10,107​- root​: id is 101
​03/Oct/2021 19:09:07,096​- root​: Successful! Employee details Edited
​03/Oct/2021 19:09:32,977​- root​: Birthdate date entered 1998-09-04
​03/Oct/2021 19:09:32,982​- root​: Employee info printed 
​03/Oct/2021 19:10:29,257​- root​: Birthdate date entered 1998-09-04
​03/Oct/2021 19:10:29,259​- root​: Employee info printed 
​03/Oct/2021 19:10:39,780​- root​: Employee info printed
​03/Oct/2021 19:10:50,741​- root​: Status exit..
​03/Oct/2021 20:21:46,056​- root​: root logger started.....
​03/Oct/2021 20:22:18,659​- root​: id is 105
​03/Oct/2021 20:23:21,368​- root​: Successful! Employee details Edited
​03/Oct/2021 20:23:40,153​- root​: Entered name =>diya
​03/Oct/2021 20:23:40,157​- root​: Employee details
​03/Oct/2021 20:24:51,177​- root​: id is 102
​03/Oct/2021 20:25:38,957​- root​: Successful! Employee details Edited
​03/Oct/2021 20:25:50,028​- root​: Entered name =>vipul
​03/Oct/2021 20:25:50,031​- root​: Employee details
​03/Oct/2021 20:26:17,412​- root​: Entered name =>amit
​03/Oct/2021 20:26:17,414​- root​: Employee details
​03/Oct/2021 20:26:50,914​- root​: id is 101
​03/Oct/2021 20:27:32,781​- root​: Successful! Employee details Edited
​03/Oct/2021 20:27:43,911​- root​: Employee info printed
​03/Oct/2021 20:28:56,810​- root​: Birthdate date entered 1999-03-17
​03/Oct/2021 20:28:56,816​- root​: Employee info printed 
​03/Oct/2021 20:30:17,199​- root​: id is 101
​03/Oct/2021 20:31:29,774​- root​: Successful! Employee details Edited
​03/Oct/2021 20:31:41,335​- root​: Entered name =>vishal
​03/Oct/2021 20:31:41,339​- root​: Employee details
​03/Oct/2021 20:33:09,141​- root​: Entered name =>amit
​03/Oct/2021 20:33:09,143​- root​: Employee details
​03/Oct/2021 20:39:07,835​- root​: Employee Details entered
​03/Oct/2021 20:39:07,854​- root​: Employee Added Successfully
​03/Oct/2021 20:39:14,284​- root​: Employee info printed
​03/Oct/2021 20:40:46,573​- root​: Employee info printed
​03/Oct/2021 20:55:39,825​- root​: Root Logger Started.....
​03/Oct/2021 20:56:14,858​- root​: Root Logger Started.....
​03/Oct/2021 20:57:25,518​- root​: Employee Details entered
​03/Oct/2021 20:57:25,705​- root​: Employee Added Successfully
​03/Oct/2021 20:57:36,686​- root​: Employee info printed
​03/Oct/2021 21:30:19,673​- root​: Root Logger Started.....
​03/Oct/2021 21:30:33,883​- root​: Employee info printed
​03/Oct/2021 22:51:07,039​- root​: Root Logger Started.....
​05/Oct/2021 16:18:18,032​- root​: Root Logger Started.....
​05/Oct/2021 16:19:16,042​- root​: Text '56-09-1990' could not be parsed: Invalid value for DayOfMonth (valid values 1 - 28/31): 56
​05/Oct/2021 16:19:26,826​- root​: Employee info printed
